<?xml version="1.0" encoding="UTF-8"?>
<!-- Generated by org.testng.reporters.JUnitReportReporter -->
<testsuite hostname="LAPTOP-HPC1MF24" failures="0" tests="1" name="POM" time="27.729" errors="0" timestamp="22 May 2020 12:51:03 GMT" skipped="0">
  <testcase classname="POM" name="credential" time="27.729"/>
</testsuite> <!-- POM -->
